0 info it worked if it ends with ok
1 verbose cli [ '/usr/local/bin/node', '/usr/local/bin/npm', 'start' ]
2 info using npm@3.10.6
3 info using node@v5.10.1
4 verbose run-script [ 'prestart', 'start', 'poststart' ]
5 info lifecycle react-app@0.1.0~prestart: react-app@0.1.0
6 silly lifecycle react-app@0.1.0~prestart: no script for prestart, continuing
7 info lifecycle react-app@0.1.0~start: react-app@0.1.0
8 verbose lifecycle react-app@0.1.0~start: unsafe-perm in lifecycle true
9 verbose lifecycle react-app@0.1.0~start: PATH: /usr/local/lib/node_modules/npm/bin/node-gyp-bin:/home/pocockn/dev/football/react-app/node_modules/.bin:/usr/local/heroku/bin:/home/pocockn/.rbenv/plugins/ruby-build/bin:/home/pocockn/.rbenv/shims:/home/pocockn/.rbenv/bin:/home/pocockn/.local/share/umake/bin:/usr/local/heroku/bin:/home/pocockn/.rbenv/plugins/ruby-build/bin:/home/pocockn/.rbenv/shims:/home/pocockn/.rbenv/bin:/home/pocockn/.local/share/umake/bin:/home/pocockn/.sdkman/candidates/lazybones/current/bin:/home/pocockn/.sdkman/candidates/groovy/current/bin:/home/pocockn/.sdkman/candidates/gradle/current/bin:/usr/local/sbin:/usr/local/bin:/usr/sbin:/usr/bin:/sbin:/bin:/usr/games:/usr/local/games:/snap/bin:/snap/bin
10 verbose lifecycle react-app@0.1.0~start: CWD: /home/pocockn/dev/football/react-app
11 silly lifecycle react-app@0.1.0~start: Args: [ '-c', 'react-scripts start' ]
12 info lifecycle react-app@0.1.0~start: Failed to exec start script
13 verbose stack Error: react-app@0.1.0 start: `react-scripts start`
13 verbose stack spawn ENOENT
13 verbose stack     at ChildProcess.<anonymous> (/usr/local/lib/node_modules/npm/lib/utils/spawn.js:33:16)
13 verbose stack     at emitTwo (events.js:100:13)
13 verbose stack     at ChildProcess.emit (events.js:185:7)
13 verbose stack     at maybeClose (internal/child_process.js:850:16)
13 verbose stack     at Process.ChildProcess._handle.onexit (internal/child_process.js:215:5)
14 verbose pkgid react-app@0.1.0
15 verbose cwd /home/pocockn/dev/football/react-app
16 error Linux 4.4.0-59-generic
17 error argv "/usr/local/bin/node" "/usr/local/bin/npm" "start"
18 error node v5.10.1
19 error npm  v3.10.6
20 error file sh
21 error code ELIFECYCLE
22 error errno ENOENT
23 error syscall spawn
24 error react-app@0.1.0 start: `react-scripts start`
24 error spawn ENOENT
25 error Failed at the react-app@0.1.0 start script 'react-scripts start'.
25 error Make sure you have the latest version of node.js and npm installed.
25 error If you do, this is most likely a problem with the react-app package,
25 error not with npm itself.
25 error Tell the author that this fails on your system:
25 error     react-scripts start
25 error You can get information on how to open an issue for this project with:
25 error     npm bugs react-app
25 error Or if that isn't available, you can get their info via:
25 error     npm owner ls react-app
25 error There is likely additional logging output above.
26 verbose exit [ 1, true ]
